
**************************************************
* Amazon.com kindlegen(Linux)   V1.2 build 33307 *
* A command line e-book compiler                 *
* Copyright Amazon.com 2011                      *
**************************************************

option: -verbose: Verbose output
option: -c2: Kindle Huffdic compression
Info(prcgen): Added metadata dc:Title        "Ruby on Rails Guides  v2"
Info(prcgen): Added metadata dc:Date         "2015-01-06"
Info(prcgen): Added metadata dc:Creator      "Ruby on Rails"
Info(prcgen): Added metadata dc:Publisher    "Ruby on Rails"
Info(prcgen): Added metadata dc:Subject      "Reference"
Info(prcgen): Parsing files  0000377
Info(prcgen): Parsing file     URL: contents.html
Info(prcgen): Parsing file     URL: section.html
Info(prcgen): Parsing file     URL: 000.html
Info(prcgen): Parsing file     URL: 001.html
Info(prcgen): Parsing file     URL: section.html
Info(prcgen): Parsing file     URL: 000.html
Info(prcgen): Parsing file     URL: 001.html
Info(prcgen): Parsing file     URL: 002.html
Info(prcgen): Parsing file     URL: 003.html
Info(prcgen): Parsing file     URL: 004.html
Info(prcgen): Parsing file     URL: 005.html
Info(prcgen): Parsing file     URL: 006.html
Info(prcgen): Parsing file     URL: 007.html
Info(prcgen): Parsing file     URL: 008.html
Info(prcgen): Parsing file     URL: 009.html
Info(prcgen): Parsing file     URL: 010.html
Info(prcgen): Parsing file     URL: section.html
Info(prcgen): Parsing file     URL: 000.html
Info(prcgen): Parsing file     URL: 001.html
Info(prcgen): Parsing file     URL: 002.html
Info(prcgen): Parsing file     URL: 003.html
Info(prcgen): Parsing file     URL: 004.html
Info(prcgen): Parsing file     URL: 005.html
Info(prcgen): Parsing file     URL: 006.html
Info(prcgen): Parsing file     URL: 007.html
Info(prcgen): Parsing file     URL: section.html
Info(prcgen): Parsing file     URL: 000.html
Info(prcgen): Parsing file     URL: 001.html
Info(prcgen): Parsing file     URL: 002.html
Info(prcgen): Parsing file     URL: 003.html
Info(prcgen): Parsing file     URL: 004.html
Info(prcgen): Parsing file     URL: 005.html
Info(prcgen): Parsing file     URL: 006.html
Info(prcgen): Parsing file     URL: 007.html
Info(prcgen): Parsing file     URL: 008.html
Info(prcgen): Parsing file     URL: section.html
Info(prcgen): Parsing file     URL: 000.html
Info(prcgen): Parsing file     URL: 001.html
Info(prcgen): Parsing file     URL: 002.html
Info(prcgen): Parsing file     URL: 003.html
Info(prcgen): Parsing file     URL: 004.html
Info(prcgen): Parsing file     URL: 005.html
Info(prcgen): Parsing file     URL: 006.html
Info(prcgen): Parsing file     URL: 007.html
Info(prcgen): Parsing file     URL: section.html
Info(prcgen): Parsing file     URL: 000.html
Info(prcgen): Parsing file     URL: 001.html
Info(prcgen): Parsing file     URL: 002.html
Info(prcgen): Parsing file     URL: 003.html
Info(prcgen): Parsing file     URL: 004.html
Info(prcgen): Parsing file     URL: 005.html
Info(prcgen): Parsing file     URL: 006.html
Info(prcgen): Parsing file     URL: 007.html
Info(prcgen): Parsing file     URL: 008.html
Info(prcgen): Parsing file     URL: 009.html
Info(prcgen): Parsing file     URL: section.html
Info(prcgen): Parsing file     URL: 000.html
Info(prcgen): Parsing file     URL: 001.html
Info(prcgen): Parsing file     URL: 002.html
Info(prcgen): Parsing file     URL: 003.html
Info(prcgen): Parsing file     URL: section.html
Info(prcgen): Parsing file     URL: 000.html
Info(prcgen): Parsing file     URL: 001.html
Info(prcgen): Parsing file     URL: 002.html
Info(prcgen): Parsing file     URL: 003.html
Info(prcgen): Parsing file     URL: 004.html
Info(prcgen): Parsing file     URL: 005.html
Info(prcgen): Parsing file     URL: 006.html
Info(prcgen): Parsing file     URL: 007.html
Info(prcgen): Parsing file     URL: 008.html
Info(prcgen): Parsing file     URL: 009.html
Info(prcgen): Parsing file     URL: 010.html
Info(prcgen): Parsing file     URL: 011.html
Info(prcgen): Parsing file     URL: 012.html
Info(prcgen): Parsing file     URL: 013.html
Info(prcgen): Parsing file     URL: 014.html
Info(prcgen): Parsing file     URL: 015.html
Info(prcgen): Parsing file     URL: 016.html
Info(prcgen): Parsing file     URL: 017.html
Info(prcgen): Parsing file     URL: 018.html
Info(prcgen): Parsing file     URL: 019.html
Info(prcgen): Parsing file     URL: section.html
Info(prcgen): Parsing file     URL: 000.html
Info(prcgen): Parsing file     URL: 001.html
Info(prcgen): Parsing file     URL: 002.html
Info(prcgen): Parsing file     URL: 003.html
Info(prcgen): Parsing file     URL: 004.html
Info(prcgen): Parsing file     URL: 005.html
Info(prcgen): Parsing file     URL: 006.html
Info(prcgen): Parsing file     URL: section.html
Info(prcgen): Parsing file     URL: 000.html
Info(prcgen): Parsing file     URL: 001.html
Info(prcgen): Parsing file     URL: 002.html
Info(prcgen): Parsing file     URL: section.html
Info(prcgen): Parsing file     URL: 000.html
Info(prcgen): Parsing file     URL: 001.html
Info(prcgen): Parsing file     URL: 002.html
Info(prcgen): Parsing file     URL: 003.html
Info(prcgen): Parsing file     URL: 004.html
Info(prcgen): Parsing file     URL: 005.html
Info(prcgen): Parsing file     URL: 006.html
Info(prcgen): Parsing file     URL: 007.html
Info(prcgen): Parsing file     URL: 008.html
Info(prcgen): Parsing file     URL: section.html
Info(prcgen): Parsing file     URL: 000.html
Info(prcgen): Parsing file     URL: 001.html
Info(prcgen): Parsing file     URL: 002.html
Info(prcgen): Parsing file     URL: 003.html
Info(prcgen): Parsing file     URL: 004.html
Info(prcgen): Parsing file     URL: 005.html
Info(prcgen): Parsing file     URL: 006.html
Info(prcgen): Parsing file     URL: 007.html
Info(prcgen): Parsing file     URL: 008.html
Info(prcgen): Parsing file     URL: 009.html
Info(prcgen): Parsing file     URL: 010.html
Info(prcgen): Parsing file     URL: 011.html
Info(prcgen): Parsing file     URL: 012.html
Info(prcgen): Parsing file     URL: 013.html
Info(prcgen): Parsing file     URL: 014.html
Info(prcgen): Parsing file     URL: section.html
Info(prcgen): Parsing file     URL: 000.html
Info(prcgen): Parsing file     URL: 001.html
Info(prcgen): Parsing file     URL: 002.html
Info(prcgen): Parsing file     URL: 003.html
Info(prcgen): Parsing file     URL: 004.html
Info(prcgen): Parsing file     URL: section.html
Info(prcgen): Parsing file     URL: 000.html
Info(prcgen): Parsing file     URL: 001.html
Info(prcgen): Parsing file     URL: 002.html
Info(prcgen): Parsing file     URL: 003.html
Info(prcgen): Parsing file     URL: 004.html
Info(prcgen): Parsing file     URL: 005.html
Info(prcgen): Parsing file     URL: 006.html
Info(prcgen): Parsing file     URL: 007.html
Info(prcgen): Parsing file     URL: 008.html
Info(prcgen): Parsing file     URL: 009.html
Info(prcgen): Parsing file     URL: 010.html
Info(prcgen): Parsing file     URL: 011.html
Info(prcgen): Parsing file     URL: 012.html
Info(prcgen): Parsing file     URL: 013.html
Info(prcgen): Parsing file     URL: 014.html
Info(prcgen): Parsing file     URL: 015.html
Info(prcgen): Parsing file     URL: 016.html
Info(prcgen): Parsing file     URL: 017.html
Info(prcgen): Parsing file     URL: 018.html
Info(prcgen): Parsing file     URL: 019.html
Info(prcgen): Parsing file     URL: 020.html
Info(prcgen): Parsing file     URL: 021.html
Info(prcgen): Parsing file     URL: section.html
Info(prcgen): Parsing file     URL: 000.html
Info(prcgen): Parsing file     URL: 001.html
Info(prcgen): Parsing file     URL: 002.html
Info(prcgen): Parsing file     URL: 003.html
Info(prcgen): Parsing file     URL: 004.html
Info(prcgen): Parsing file     URL: 005.html
Info(prcgen): Parsing file     URL: 006.html
Info(prcgen): Parsing file     URL: 007.html
Info(prcgen): Parsing file     URL: 008.html
Info(prcgen): Parsing file     URL: 009.html
Info(prcgen): Parsing file     URL: 010.html
Info(prcgen): Parsing file     URL: section.html
Info(prcgen): Parsing file     URL: 000.html
Info(prcgen): Parsing file     URL: 001.html
Info(prcgen): Parsing file     URL: 002.html
Info(prcgen): Parsing file     URL: 003.html
Info(prcgen): Parsing file     URL: 004.html
Info(prcgen): Parsing file     URL: 005.html
Info(prcgen): Parsing file     URL: 006.html
Info(prcgen): Parsing file     URL: 007.html
Info(prcgen): Parsing file     URL: section.html
Info(prcgen): Parsing file     URL: 000.html
Info(prcgen): Parsing file     URL: 001.html
Info(prcgen): Parsing file     URL: 002.html
Info(prcgen): Parsing file     URL: 003.html
Info(prcgen): Parsing file     URL: 004.html
Info(prcgen): Parsing file     URL: 005.html
Info(prcgen): Parsing file     URL: 006.html
Info(prcgen): Parsing file     URL: 007.html
Info(prcgen): Parsing file     URL: 008.html
Info(prcgen): Parsing file     URL: 009.html
Info(prcgen): Parsing file     URL: 010.html
Info(prcgen): Parsing file     URL: 011.html
Info(prcgen): Parsing file     URL: section.html
Info(prcgen): Parsing file     URL: 000.html
Info(prcgen): Parsing file     URL: 001.html
Info(prcgen): Parsing file     URL: 002.html
Info(prcgen): Parsing file     URL: 003.html
Info(prcgen): Parsing file     URL: 004.html
Info(prcgen): Parsing file     URL: 005.html
Info(prcgen): Parsing file     URL: 006.html
Info(prcgen): Parsing file     URL: 007.html
Info(prcgen): Parsing file     URL: 008.html
Info(prcgen): Parsing file     URL: 009.html
Info(prcgen): Parsing file     URL: section.html
Info(prcgen): Parsing file     URL: 000.html
Info(prcgen): Parsing file     URL: 001.html
Info(prcgen): Parsing file     URL: 002.html
Info(prcgen): Parsing file     URL: 003.html
Info(prcgen): Parsing file     URL: 004.html
Info(prcgen): Parsing file     URL: 005.html
Info(prcgen): Parsing file     URL: section.html
Info(prcgen): Parsing file     URL: 000.html
Info(prcgen): Parsing file     URL: 001.html
Info(prcgen): Parsing file     URL: 002.html
Info(prcgen): Parsing file     URL: 003.html
Info(prcgen): Parsing file     URL: 004.html
Info(prcgen): Parsing file     URL: 005.html
Info(prcgen): Parsing file     URL: 006.html
Info(prcgen): Parsing file     URL: section.html
Info(prcgen): Parsing file     URL: 000.html
Info(prcgen): Parsing file     URL: 001.html
Info(prcgen): Parsing file     URL: 002.html
Info(prcgen): Parsing file     URL: section.html
Info(prcgen): Parsing file     URL: 000.html
Info(prcgen): Parsing file     URL: 001.html
Info(prcgen): Parsing file     URL: 002.html
Info(prcgen): Parsing file     URL: section.html
Info(prcgen): Parsing file     URL: 000.html
Info(prcgen): Parsing file     URL: 001.html
Info(prcgen): Parsing file     URL: 002.html
Info(prcgen): Parsing file     URL: 003.html
Info(prcgen): Parsing file     URL: 004.html
Info(prcgen): Parsing file     URL: 005.html
Info(prcgen): Parsing file     URL: 006.html
Info(prcgen): Parsing file     URL: 007.html
Info(prcgen): Parsing file     URL: 008.html
Info(prcgen): Parsing file     URL: section.html
Info(prcgen): Parsing file     URL: 000.html
Info(prcgen): Parsing file     URL: 001.html
Info(prcgen): Parsing file     URL: 002.html
Info(prcgen): Parsing file     URL: 003.html
Info(prcgen): Parsing file     URL: 004.html
Info(prcgen): Parsing file     URL: 005.html
Info(prcgen): Parsing file     URL: section.html
Info(prcgen): Parsing file     URL: 000.html
Info(prcgen): Parsing file     URL: 001.html
Info(prcgen): Parsing file     URL: 002.html
Info(prcgen): Parsing file     URL: 003.html
Info(prcgen): Parsing file     URL: 004.html
Info(prcgen): Parsing file     URL: 005.html
Info(prcgen): Parsing file     URL: section.html
Info(prcgen): Parsing file     URL: 000.html
Info(prcgen): Parsing file     URL: 001.html
Info(prcgen): Parsing file     URL: section.html
Info(prcgen): Parsing file     URL: 000.html
Info(prcgen): Parsing file     URL: 001.html
Info(prcgen): Parsing file     URL: 002.html
Info(prcgen): Parsing file     URL: 003.html
Info(prcgen): Parsing file     URL: 004.html
Info(prcgen): Parsing file     URL: 005.html
Info(prcgen): Parsing file     URL: 006.html
Info(prcgen): Parsing file     URL: section.html
Info(prcgen): Parsing file     URL: 000.html
Info(prcgen): Parsing file     URL: 001.html
Info(prcgen): Parsing file     URL: 002.html
Info(prcgen): Parsing file     URL: 003.html
Info(prcgen): Parsing file     URL: section.html
Info(prcgen): Parsing file     URL: 000.html
Info(prcgen): Parsing file     URL: 001.html
Info(prcgen): Parsing file     URL: 002.html
Info(prcgen): Parsing file     URL: 003.html
Info(prcgen): Parsing file     URL: 004.html
Info(prcgen): Parsing file     URL: 005.html
Info(prcgen): Parsing file     URL: 006.html
Info(prcgen): Parsing file     URL: 007.html
Info(prcgen): Parsing file     URL: 008.html
Info(prcgen): Parsing file     URL: section.html
Info(prcgen): Parsing file     URL: 000.html
Info(prcgen): Parsing file     URL: 001.html
Info(prcgen): Parsing file     URL: 002.html
Info(prcgen): Parsing file     URL: 003.html
Info(prcgen): Parsing file     URL: 004.html
Info(prcgen): Parsing file     URL: 005.html
Info(prcgen): Parsing file     URL: 006.html
Info(prcgen): Parsing file     URL: 007.html
Info(prcgen): Parsing file     URL: section.html
Info(prcgen): Parsing file     URL: 000.html
Info(prcgen): Parsing file     URL: 001.html
Info(prcgen): Parsing file     URL: 002.html
Info(prcgen): Parsing file     URL: 003.html
Info(prcgen): Parsing file     URL: 004.html
Info(prcgen): Parsing file     URL: 005.html
Info(prcgen): Parsing file     URL: 006.html
Info(prcgen): Parsing file     URL: 007.html
Info(prcgen): Parsing file     URL: section.html
Info(prcgen): Parsing file     URL: 000.html
Info(prcgen): Parsing file     URL: 001.html
Info(prcgen): Parsing file     URL: 002.html
Info(prcgen): Parsing file     URL: 003.html
Info(prcgen): Parsing file     URL: 004.html
Info(prcgen): Parsing file     URL: 005.html
Info(prcgen): Parsing file     URL: section.html
Info(prcgen): Parsing file     URL: 000.html
Info(prcgen): Parsing file     URL: 001.html
Info(prcgen): Parsing file     URL: 002.html
Info(prcgen): Parsing file     URL: 003.html
Info(prcgen): Parsing file     URL: 004.html
Info(prcgen): Parsing file     URL: section.html
Info(prcgen): Parsing file     URL: 000.html
Info(prcgen): Parsing file     URL: 001.html
Info(prcgen): Parsing file     URL: 002.html
Info(prcgen): Parsing file     URL: 003.html
Info(prcgen): Parsing file     URL: section.html
Info(prcgen): Parsing file     URL: 000.html
Info(prcgen): Parsing file     URL: 001.html
Info(prcgen): Parsing file     URL: 002.html
Info(prcgen): Parsing file     URL: 003.html
Info(prcgen): Parsing file     URL: 004.html
Info(prcgen): Parsing file     URL: 005.html
Info(prcgen): Parsing file     URL: 006.html
Info(prcgen): Parsing file     URL: 007.html
Info(prcgen): Parsing file     URL: 008.html
Info(prcgen): Parsing file     URL: 009.html
Info(prcgen): Parsing file     URL: 010.html
Info(prcgen): Parsing file     URL: 011.html
Info(prcgen): Parsing file     URL: section.html
Info(prcgen): Parsing file     URL: 000.html
Info(prcgen): Parsing file     URL: 001.html
Info(prcgen): Parsing file     URL: 002.html
Info(prcgen): Parsing file     URL: 003.html
Info(prcgen): Parsing file     URL: 004.html
Info(prcgen): Parsing file     URL: 005.html
Info(prcgen): Parsing file     URL: 006.html
Info(prcgen): Parsing file     URL: 007.html
Info(prcgen): Parsing file     URL: 008.html
Info(prcgen): Parsing file     URL: 009.html
Info(prcgen): Parsing file     URL: 010.html
Info(prcgen): Parsing file     URL: 011.html
Info(prcgen): Parsing file     URL: section.html
Info(prcgen): Parsing file     URL: 000.html
Info(prcgen): Parsing file     URL: 001.html
Info(prcgen): Parsing file     URL: 002.html
Info(prcgen): Parsing file     URL: 003.html
Info(prcgen): Parsing file     URL: 004.html
Info(prcgen): Parsing file     URL: 005.html
Info(prcgen): Parsing file     URL: 006.html
Info(prcgen): Parsing file     URL: 007.html
Info(prcgen): Parsing file     URL: 008.html
Info(prcgen): Parsing file     URL: 009.html
Info(prcgen): Parsing file     URL: section.html
Info(prcgen): Parsing file     URL: 000.html
Info(prcgen): Parsing file     URL: 001.html
Info(prcgen): Parsing file     URL: 002.html
Info(prcgen): Parsing file     URL: 003.html
Info(prcgen): Parsing file     URL: 004.html
Info(prcgen): Parsing file     URL: 005.html
Info(prcgen): Parsing file     URL: 006.html
Info(prcgen): Parsing file     URL: 007.html
Info(prcgen): Parsing file     URL: 008.html
Info(prcgen): Parsing file     URL: 009.html
Info(prcgen): Parsing file     URL: 010.html
Info(prcgen): Parsing file     URL: 011.html
Info(prcgen): Parsing file     URL: 012.html
Info(prcgen): Parsing file     URL: section.html
Info(prcgen): Parsing file     URL: 000.html
Info(prcgen): Parsing file     URL: 001.html
Info(prcgen): Parsing file     URL: 002.html
Info(prcgen): Parsing file     URL: 003.html
Info(prcgen): Parsing file     URL: 004.html
Info(prcgen): Parsing file     URL: 005.html
Info(prcgen): Parsing file     URL: 006.html
Info(prcgen): Parsing file     URL: 007.html
Info(prcgen): Parsing file     URL: 008.html
Info(prcgen): Parsing file     URL: 009.html
Info(prcgen): Parsing file     URL: section.html
Info(prcgen): Parsing file     URL: 000.html
Info(prcgen): Parsing file     URL: 001.html
Info(prcgen): Parsing file     URL: 002.html
Info(prcgen): Parsing file     URL: 003.html
Info(prcgen): Parsing file     URL: 004.html
Info(prcgen): Parsing file     URL: 005.html
Info(prcgen): Parsing file     URL: 006.html
Info(prcgen): Parsing file     URL: 007.html
Info(prcgen): Parsing file     URL: 008.html
Info(prcgen): Parsing file     URL: 009.html
Info(prcgen): Parsing file     URL: 010.html
Info(prcgen): Parsing file     URL: 011.html
Info(prcgen): Resolving hyperlinks
Info(prcgen): Writing hyperlinks
Warning(prcgen): Hyperlink not resolved:  /home/rails/v4.0.13/guides/output/kindle/sections/001/configuring.html
Warning(prcgen): Hyperlink not resolved:  /home/rails/v4.0.13/guides/output/kindle/sections/001/testing.html
Warning(prcgen): Hyperlink not resolved:  /home/rails/v4.0.13/guides/output/kindle/sections/001/routing.html
Warning(prcgen): Hyperlink not resolved:  /home/rails/v4.0.13/guides/output/kindle/sections/001/migrations.html
Warning(prcgen): Hyperlink not resolved:  /home/rails/v4.0.13/guides/output/kindle/sections/001/active_record_validations.html
Warning(prcgen): Hyperlink not resolved:  /home/rails/v4.0.13/guides/output/kindle/sections/001/layouts_and_rendering.html
Warning(prcgen): Hyperlink not resolved:  /home/rails/v4.0.13/guides/output/kindle/sections/001/association_basics.html
Warning(prcgen): Hyperlink not resolved:  /home/rails/v4.0.13/guides/output/kindle/sections/001/index.html
Warning(prcgen): Hyperlink not resolved:  /home/rails/v4.0.13/guides/output/kindle/sections/001/irc:/irc.freenode.net/#rubyonrails
Warning(prcgen): Hyperlink not resolved:  /home/rails/v4.0.13/guides/output/kindle/sections/002/getting_started.html#the-mvc-architecture
Warning(prcgen): Hyperlink not resolved:  /home/rails/v4.0.13/guides/output/kindle/sections/002/migrations.html
Warning(prcgen): Hyperlink not resolved:  /home/rails/v4.0.13/guides/output/kindle/sections/002/association_basics.html#polymorphic-associations
Warning(prcgen): Hyperlink not resolved:  /home/rails/v4.0.13/guides/output/kindle/sections/002/active_record_querying.html
Warning(prcgen): Hyperlink not resolved:  /home/rails/v4.0.13/guides/output/kindle/sections/002/active_record_validations.html
Warning(prcgen): Hyperlink not resolved:  /home/rails/v4.0.13/guides/output/kindle/sections/002/active_record_callbacks.html
Warning(prcgen): Hyperlink not resolved:  /home/rails/v4.0.13/guides/output/kindle/sections/003/003.html#schema-dumping-and-you
Warning(prcgen): Hyperlink not resolved:  /home/rails/v4.0.13/guides/output/kindle/sections/003/004.html#reverting-previous-migrations
Warning(prcgen): Hyperlink not resolved:  /home/rails/v4.0.13/guides/output/kindle/sections/004/000.html#working-with-validation-errors
Warning(prcgen): Hyperlink not resolved:  /home/rails/v4.0.13/guides/output/kindle/sections/005/active_record_querying.html#dynamic-finders
Warning(prcgen): Hyperlink not resolved:  /home/rails/v4.0.13/guides/output/kindle/sections/006/003.html#polymorphic-associations
Warning(prcgen): Hyperlink not resolved:  /home/rails/v4.0.13/guides/output/kindle/sections/006/active_record_querying.html
Warning(prcgen): Hyperlink not resolved:  /home/rails/v4.0.13/guides/output/kindle/sections/006/003.html#the-has-one-through-association
Warning(prcgen): Hyperlink not resolved:  /home/rails/v4.0.13/guides/output/kindle/sections/006/003.html#the-has-many-through-association
Warning(prcgen): Hyperlink not resolved:  /home/rails/v4.0.13/guides/output/kindle/sections/007/security.html#sql-injection
Warning(prcgen): Hyperlink not resolved:  /home/rails/v4.0.13/guides/output/kindle/sections/007/active_record_querying.html#readonly-objects
Warning(prcgen): Hyperlink not resolved:  /home/rails/v4.0.13/guides/output/kindle/sections/007/association_basics.html
Warning(prcgen): Hyperlink not resolved:  /home/rails/v4.0.13/guides/output/kindle/sections/007/011.html#array-conditions
Warning(prcgen): Hyperlink not resolved:  /home/rails/v4.0.13/guides/output/kindle/sections/007/011.html#pure-string-conditions
Warning(prcgen): Hyperlink not resolved:  /home/rails/v4.0.13/guides/output/kindle/sections/007/011.html#hash-conditions
Warning(prcgen): Hyperlink not resolved:  /home/rails/v4.0.13/guides/output/kindle/sections/007/012.html#joining-tables
Warning(prcgen): Hyperlink not resolved:  /home/rails/v4.0.13/guides/output/kindle/sections/008/layouts_and_rendering.html
Warning(prcgen): Hyperlink not resolved:  /home/rails/v4.0.13/guides/output/kindle/sections/008/i18n.html
Warning(prcgen): Hyperlink not resolved:  /home/rails/v4.0.13/guides/output/kindle/sections/009/asset_pipeline.html
Warning(prcgen): Hyperlink not resolved:  /home/rails/v4.0.13/guides/output/kindle/sections/009/asset_pipeline.html#asset-organization
Warning(prcgen): Hyperlink not resolved:  /home/rails/v4.0.13/guides/output/kindle/sections/010/security.html#cross-site-request-forgery-csrf
Warning(prcgen): Hyperlink not resolved:  /home/rails/v4.0.13/guides/output/kindle/sections/010/000.html#understanding-parameter-naming-conventions
Warning(prcgen): Hyperlink not resolved:  /home/rails/v4.0.13/guides/output/kindle/sections/010/security.html#logging
Warning(prcgen): Hyperlink not resolved:  /home/rails/v4.0.13/guides/output/kindle/sections/010/active_record_validations.html#displaying-validation-errors-in-views
Warning(prcgen): Hyperlink not resolved:  /home/rails/v4.0.13/guides/output/kindle/sections/010/routing.html#resource-routing-the-rails-default
Warning(prcgen): Hyperlink not resolved:  /home/rails/v4.0.13/guides/output/kindle/sections/010/routing.html
Warning(prcgen): Hyperlink not resolved:  /home/rails/v4.0.13/guides/output/kindle/sections/010/action_controller_overview.html#strong-parameters
Warning(prcgen): Hyperlink not resolved:  /home/rails/v4.0.13/guides/output/kindle/sections/011/routing.html
Warning(prcgen): Hyperlink not resolved:  /home/rails/v4.0.13/guides/output/kindle/sections/011/layouts_and_rendering.html
Warning(prcgen): Hyperlink not resolved:  /home/rails/v4.0.13/guides/output/kindle/sections/011/security.html
Warning(prcgen): Hyperlink not resolved:  /home/rails/v4.0.13/guides/output/kindle/sections/011/form_helpers.html
Warning(prcgen): Hyperlink not resolved:  /home/rails/v4.0.13/guides/output/kindle/sections/012/action_controller_overview.html#the-request-object
Warning(prcgen): Hyperlink not resolved:  /home/rails/v4.0.13/guides/output/kindle/sections/012/rails_on_rack.html
Warning(prcgen): Hyperlink not resolved:  /home/rails/v4.0.13/guides/output/kindle/sections/013/002.html#class-attributes
Warning(prcgen): Hyperlink not resolved:  /home/rails/v4.0.13/guides/output/kindle/sections/013/security.html#cross-site-scripting-xss
Warning(prcgen): Hyperlink not resolved:  /home/rails/v4.0.13/guides/output/kindle/sections/014/000.html#using-different-backends
Warning(prcgen): Hyperlink not resolved:  /home/rails/v4.0.13/guides/output/kindle/sections/014/004.html#footnote-2
Warning(prcgen): Hyperlink not resolved:  /home/rails/v4.0.13/guides/output/kindle/sections/014/005.html#footnote-3
Warning(prcgen): Hyperlink not resolved:  /home/rails/v4.0.13/guides/output/kindle/sections/014/010.html#footnote-1-ref
Warning(prcgen): Hyperlink not resolved:  /home/rails/v4.0.13/guides/output/kindle/sections/014/010.html#footnote-2-ref
Warning(prcgen): Hyperlink not resolved:  /home/rails/v4.0.13/guides/output/kindle/sections/014/010.html#footnote-3-ref
Warning(prcgen): Hyperlink not resolved:  /home/rails/v4.0.13/guides/output/kindle/sections/015/configuring.html#configuring-action-mailer
Warning(prcgen): Hyperlink not resolved:  /home/rails/v4.0.13/guides/output/kindle/sections/015/testing.html#testing-your-mailers
Warning(prcgen): Hyperlink not resolved:  /home/rails/v4.0.13/guides/output/kindle/sections/015/configuring.html#creating-rails-environments
Warning(prcgen): Hyperlink not resolved:  /association_basics.html
Warning(prcgen): Hyperlink not resolved:  /home/rails/v4.0.13/guides/output/kindle/sections/016/getting_started.html
Warning(prcgen): Hyperlink not resolved:  /home/rails/v4.0.13/guides/output/kindle/sections/017/000.html#additional-resources
Warning(prcgen): Hyperlink not resolved:  /home/rails/v4.0.13/guides/output/kindle/sections/017/001.html#cross-site-scripting-xss
Warning(prcgen): Hyperlink not resolved:  /home/rails/v4.0.13/guides/output/kindle/sections/017/002.html#sessions
Warning(prcgen): Hyperlink not resolved:  /home/rails/v4.0.13/guides/output/kindle/sections/017/002.html#cross-site-scripting-xss
Warning(prcgen): Hyperlink not resolved:  /home/rails/v4.0.13/guides/output/kindle/sections/017/005.html#examples-from-the-underground
Warning(prcgen): Hyperlink not resolved:  /home/rails/v4.0.13/guides/output/kindle/sections/020/000.html#server-with-different-backends
Warning(prcgen): Hyperlink not resolved:  /home/rails/v4.0.13/guides/output/kindle/sections/020/migrations.html
Warning(prcgen): Hyperlink not resolved:  /home/rails/v4.0.13/guides/output/kindle/sections/020/testing.html
Warning(prcgen): Hyperlink not resolved:  /home/rails/v4.0.13/guides/output/kindle/sections/022/001.html#precompiling-assets
Warning(prcgen): Hyperlink not resolved:  /home/rails/v4.0.13/guides/output/kindle/sections/022/001.html#in-production
Warning(prcgen): Hyperlink not resolved:  /home/rails/v4.0.13/guides/output/kindle/sections/022/008.html#asset-organization
Warning(prcgen): Hyperlink not resolved:  /home/rails/v4.0.13/guides/output/kindle/sections/024/001.html#routes
Warning(prcgen): Hyperlink not resolved:  /home/rails/v4.0.13/guides/output/kindle/sections/024/getting_started.html
Warning(prcgen): Hyperlink not resolved:  /home/rails/v4.0.13/guides/output/kindle/sections/024/002.html#test-directory
Warning(prcgen): Hyperlink not resolved:  /home/rails/v4.0.13/guides/output/kindle/sections/024/002.html#routes
Warning(prcgen): Hyperlink not resolved:  /home/rails/v4.0.13/guides/output/kindle/sections/024/configuring.html#initializers
Warning(prcgen): Hyperlink not resolved:  /home/rails/v4.0.13/guides/output/kindle/sections/024/asset_pipeline.html
Warning(prcgen): Hyperlink not resolved:  /home/rails/v4.0.13/guides/output/kindle/sections/026/generators.html
Warning(prcgen): Hyperlink not resolved:  /home/rails/v4.0.13/guides/output/kindle/sections/027/000.html#resources
Warning(prcgen): Hyperlink not resolved:  /home/rails/v4.0.13/guides/output/kindle/sections/028/002.html#generator-methods
Warning(prcgen): Hyperlink not resolved:  /home/rails/v4.0.13/guides/output/kindle/sections/028/rails_application_templates.html
Warning(prcgen): Hyperlink not resolved:  /home/rails/v4.0.13/guides/output/kindle/sections/029/development_dependencies_install.html
Warning(prcgen): Hyperlink not resolved:  /home/rails/v4.0.13/guides/output/kindle/sections/029/api_documentation_guidelines.html
Warning(prcgen): Hyperlink not resolved:  /home/rails/v4.0.13/guides/output/kindle/sections/029/ruby_on_rails_guides_guidelines.html
Warning(prcgen): Hyperlink not resolved:  /home/rails/v4.0.13/guides/output/kindle/sections/030/contributing_to_ruby_on_rails.html#follow-the-coding-conventions
Warning(prcgen): Hyperlink not resolved:  /home/rails/v4.0.13/guides/output/kindle/sections/031/routing.html
Warning(prcgen): Hyperlink not resolved:  /home/rails/v4.0.13/guides/output/kindle/sections/031/api_documentation_guidelines.html:
Warning(prcgen): Hyperlink not resolved:  /home/rails/v4.0.13/guides/output/kindle/sections/031/api_documentation_guidelines.html#wording
Warning(prcgen): Hyperlink not resolved:  /home/rails/v4.0.13/guides/output/kindle/sections/031/api_documentation_guidelines.html#example-code
Warning(prcgen): Hyperlink not resolved:  /home/rails/v4.0.13/guides/output/kindle/sections/031/api_documentation_guidelines.html#filenames
Warning(prcgen): Hyperlink not resolved:  /home/rails/v4.0.13/guides/output/kindle/sections/031/api_documentation_guidelines.html#fonts
Warning(prcgen): Hyperlink not resolved:  /home/rails/v4.0.13/guides/output/kindle/sections/033/routing.html#restricting-the-routes-created
Warning(prcgen): Hyperlink not resolved:  /home/rails/v4.0.13/guides/output/kindle/sections/033/asset_pipeline.html
Warning(prcgen): Hyperlink not resolved:  /home/rails/v4.0.13/guides/output/kindle/sections/034/upgrading_ruby_on_rails.html#upgrading-from-rails-3-2-to-rails-4-0
Warning(prcgen): Hyperlink not resolved:  /home/rails/v4.0.13/guides/output/kindle/sections/036/asset_pipeline.html
Warning(prcgen): Hyperlink not resolved:  /home/rails/v4.0.13/guides/output/kindle/sections/037/000.html#vendoring-gems
Warning(prcgen): Hyperlink not resolved:  /home/rails/v4.0.13/guides/output/kindle/sections/039/getting_started.html
Warning(prcgen): Hyperlink not resolved:  /home/rails/v4.0.13/guides/output/kindle/sections/039/migrations.html
Warning(prcgen): Hyperlink not resolved:  /home/rails/v4.0.13/guides/output/kindle/sections/039/association_basics.html
Warning(prcgen): Hyperlink not resolved:  /home/rails/v4.0.13/guides/output/kindle/sections/039/active_record_querying.html
Warning(prcgen): Hyperlink not resolved:  /home/rails/v4.0.13/guides/output/kindle/sections/039/layouts_and_rendering.html
Warning(prcgen): Hyperlink not resolved:  /home/rails/v4.0.13/guides/output/kindle/sections/039/form_helpers.html
Warning(prcgen): Hyperlink not resolved:  /home/rails/v4.0.13/guides/output/kindle/sections/039/routing.html
Warning(prcgen): Hyperlink not resolved:  /home/rails/v4.0.13/guides/output/kindle/sections/039/action_controller_overview.html
Warning(prcgen): Hyperlink not resolved:  /home/rails/v4.0.13/guides/output/kindle/sections/039/caching_with_rails.html
Warning(prcgen): Hyperlink not resolved:  /home/rails/v4.0.13/guides/output/kindle/sections/039/testing.html
Warning(prcgen): Hyperlink not resolved:  /home/rails/v4.0.13/guides/output/kindle/sections/039/security.html
Warning(prcgen): Hyperlink not resolved:  /home/rails/v4.0.13/guides/output/kindle/sections/039/debugging_rails_applications.html
Warning(prcgen): Hyperlink not resolved:  /home/rails/v4.0.13/guides/output/kindle/sections/039/performance_testing.html
Warning(prcgen): Hyperlink not resolved:  /home/rails/v4.0.13/guides/output/kindle/sections/039/plugins.html
Warning(prcgen): Hyperlink not resolved:  /home/rails/v4.0.13/guides/output/kindle/sections/039/credits.html
Warning(prcgen): Hyperlink not resolved:  /home/rails/v4.0.13/guides/output/kindle/sections/039/routing.html#nested-resources
Warning(prcgen): Some hyperlinks could not be resolved.
Info(prcgen): Resolving start reading location
Info(prcgen): Added metadata Start reading   "5C7E"
Info(prcgen): Building table of content     URL: /home/rails/v4.0.13/guides/output/kindle/nav-contents.ncx
Info(pagemap): No Page map found in the book
Info(prcgen): Converting and merging image file "/home/rails/v4.0.13/guides/output/kindle/images/vijaydev.jpg"
Info(prcgen): Converting and merging image file "/home/rails/v4.0.13/guides/output/kindle/images/fxn.png"
Info(prcgen): Converting and merging image file "/home/rails/v4.0.13/guides/output/kindle/images/credits_pic_blank.gif"
Info(prcgen): Converting and merging image file "/home/rails/v4.0.13/guides/output/kindle/images/radar.png"
Info(prcgen): Converting and merging image file "/home/rails/v4.0.13/guides/output/kindle/images/oscardelben.jpg"
Info(prcgen): Converting and merging image file "/home/rails/v4.0.13/guides/output/kindle/images/akshaysurve.jpg"
Info(prcgen): Converting and merging image file "/home/rails/v4.0.13/guides/output/kindle/images/getting_started/rails_welcome.png"
Info(prcgen): Converting and merging image file "/home/rails/v4.0.13/guides/output/kindle/images/getting_started/new_post.png"
Info(prcgen): Converting and merging image file "/home/rails/v4.0.13/guides/output/kindle/images/getting_started/routing_error_no_controller.png"
Info(prcgen): Converting and merging image file "/home/rails/v4.0.13/guides/output/kindle/images/getting_started/unknown_action_new_for_posts.png"
Info(prcgen): Converting and merging image file "/home/rails/v4.0.13/guides/output/kindle/images/getting_started/template_is_missing_posts_new.png"
Info(prcgen): Converting and merging image file "/home/rails/v4.0.13/guides/output/kindle/images/getting_started/unknown_action_create_for_posts.png"
Info(prcgen): Converting and merging image file "/home/rails/v4.0.13/guides/output/kindle/images/getting_started/forbidden_attributes_for_new_post.png"
Info(prcgen): Converting and merging image file "/home/rails/v4.0.13/guides/output/kindle/images/getting_started/show_action_for_posts.png"
Info(prcgen): Converting and merging image file "/home/rails/v4.0.13/guides/output/kindle/images/getting_started/form_with_errors.png"
Info(prcgen): Converting and merging image file "/home/rails/v4.0.13/guides/output/kindle/images/getting_started/index_action_with_edit_link.png"
Info(prcgen): Converting and merging image file "/home/rails/v4.0.13/guides/output/kindle/images/getting_started/confirm_dialog.png"
Info(prcgen): Converting and merging image file "/home/rails/v4.0.13/guides/output/kindle/images/getting_started/post_with_comments.png"
Info(prcgen): Converting and merging image file "/home/rails/v4.0.13/guides/output/kindle/images/getting_started/challenge.png"
Info(prcgen): Converting and merging image file "/home/rails/v4.0.13/guides/output/kindle/images/belongs_to.png"
Info(prcgen): Converting and merging image file "/home/rails/v4.0.13/guides/output/kindle/images/has_one.png"
Info(prcgen): Converting and merging image file "/home/rails/v4.0.13/guides/output/kindle/images/has_many.png"
Info(prcgen): Converting and merging image file "/home/rails/v4.0.13/guides/output/kindle/images/has_many_through.png"
Info(prcgen): Converting and merging image file "/home/rails/v4.0.13/guides/output/kindle/images/has_one_through.png"
Info(prcgen): Converting and merging image file "/home/rails/v4.0.13/guides/output/kindle/images/habtm.png"
Info(prcgen): Converting and merging image file "/home/rails/v4.0.13/guides/output/kindle/images/polymorphic.png"
Info(prcgen): Converting and merging image file "/home/rails/v4.0.13/guides/output/kindle/images/i18n/demo_untranslated.png"
Info(prcgen): Converting and merging image file "/home/rails/v4.0.13/guides/output/kindle/images/i18n/demo_translation_missing.png"
Info(prcgen): Converting and merging image file "/home/rails/v4.0.13/guides/output/kindle/images/i18n/demo_translated_en.png"
Info(prcgen): Converting and merging image file "/home/rails/v4.0.13/guides/output/kindle/images/i18n/demo_translated_pirate.png"
Info(prcgen): Converting and merging image file "/home/rails/v4.0.13/guides/output/kindle/images/i18n/demo_localized_pirate.png"
Info(prcgen): Converting and merging image file "/home/rails/v4.0.13/guides/output/kindle/images/i18n/demo_html_safe.png"
Info(prcgen): Converting and merging image file "/home/rails/v4.0.13/guides/output/kindle/images/session_fixation.png"
Info(prcgen): Converting and merging image file "/home/rails/v4.0.13/guides/output/kindle/images/csrf.png"
Info(prcgen): Converting and merging image file "/home/rails/v4.0.13/guides/output/kindle/images/rails4_features.png"
Info(prcgen): Converting and merging image file "/home/rails/v4.0.13/guides/output/kindle/images/rails_guides_kindle_cover.gif"
Info(prcgen): Converting and merging image file "/home/rails/v4.0.13/guides/output/kindle/images/rails_guides_kindle_cover.gif"
Info(prcgen/inflections): Compiling inflections
Info(prcgen): Building index into record  0000000 Index name: $NCX
Info(prcgen): Unicode index using utf-8 encoding
Info(prcgen): Computing UNICODE ranges used in the book
Info(prcgen): Found UNICODE range: Basic Latin [20..7E]
Info(prcgen): Found UNICODE range: General Punctuation - Windows 1252 [2013..2014]
Info(prcgen): Found UNICODE range: Latin-1 Supplement [A0..FF]
Info(prcgen): Found UNICODE range: Hiragana [3040..309F]
Info(prcgen): Found UNICODE range: Latin Extended-A [100..17F]
Info(prcgen): Found UNICODE range: Arrows [2190..21FF]
Info(prcgen/compress): Compiling source text for compression (4096 passes max). Pass  0000001
Info(prcgen/compress): Compiling source text for compression (4096 passes max). Pass  0000002
Info(prcgen/compress): Compiling source text for compression (4096 passes max). Pass  0000004
Info(prcgen/compress): Compiling source text for compression (4096 passes max). Pass  0000008
Info(prcgen/compress): Compiling source text for compression (4096 passes max). Pass  0000016
Info(prcgen/compress): Compiling source text for compression (4096 passes max). Pass  0000032
Info(prcgen/compress): Compiling source text for compression (4096 passes max). Pass  0000064
Info(prcgen/compress): Compiling source text for compression (4096 passes max). Pass  0000128
Info(prcgen/compress): Compiling source text for compression (4096 passes max). Pass  0000256
Info(prcgen/compress): Compiling source text for compression (4096 passes max). Pass  0000512
Info(prcgen/compress): Compiling source text for compression (4096 passes max). Pass  0001024
Info(prcgen/compress): Compiling source text for compression (4096 passes max). Pass  0001484
Info(prcgen/compress): Compression pass  0000001
Info(prcgen/compress): Compression pass  0000002
Info(prcgen/compress): Compression pass  0000003
Info(prcgen/compress): Text compressed to (in % of original size):  032.92%
Info(prcgen/compress): Compression dictionary statistics:  000254440 bytes 000023336 entries 
Info(prcgen/compress): Compression pass  0000004
Info(prcgen/compress): Text compressed to (in % of original size):  030.50%
Info(prcgen/compress): Compression dictionary statistics:  000193800 bytes 000016887 entries 
Info(prcgen/compress): Compression pass  0000005
Info(prcgen/compress): Text compressed to (in % of original size):  029.39%
Info(prcgen/compress): Compression dictionary statistics:  000156818 bytes 000013292 entries 
Info(prcgen/compress): Compression pass  0000006
Info(prcgen/compress): Text compressed to (in % of original size):  028.39%
Info(prcgen/compress): Compression dictionary statistics:  000125892 bytes 000010605 entries 
Info(prcgen/compress): Compression pass  0000007
Info(prcgen/compress): Text compressed to (in % of original size):  028.16%
Info(prcgen/compress): Compression dictionary statistics:  000108904 bytes 000008491 entries 
Info(prcgen/compress): Compression pass  0000008
Info(prcgen/compress): Text compressed to (in % of original size):  027.76%
Info(prcgen/compress): Compression dictionary statistics:  000086712 bytes 000006801 entries 
Info(prcgen/compress): Compression pass  0000009
Info(prcgen/compress): Text compressed to (in % of original size):  028.02%
Info(prcgen/compress): Compression dictionary statistics:  000075514 bytes 000005461 entries 
Info(prcgen): Uncompressed record size:   0004096
Info(prcgen/compress): Advanced compression successful (decoded and verified).
Info(prcgen): Final stats - TEXT:      000532449 bytes 000000469 records 
Info(prcgen): Final stats - PICTURES:  000000000 bytes 000000000 records 
Info(prcgen): Final stats - INDEXES:   000016664 bytes 000000003 records 
Info(prcgen): Final stats - TRAILING:  000004455 bytes 000000466 records 
Info(prcgen): Final stats - FRAMES:    000000088 bytes 000000002 records 
Info(prcgen): Final stats - OTHER:     002473223 bytes 000000041 records 
Info(prcgen): Final stats - TOTAL:     003026879 bytes 000000515 records 
Info(prcgen): Final stats - text compressed to (in % of original size):  028.02%
Info(prcgen): The document identifier is: "Ruby_on_Rails_Guides__v2"
Info(prcgen): The file format version is V6
Info(prcgen): Saving MOBI file
Info(prcgen): MOBI File generated with WARNINGS!
